0 verbose cli C:\Program Files\nodejs\node.exe C:\Program Files\nodejs\node_modules\npm\bin\npm-cli.js
1 info using npm@11.13.0
2 info using node@v24.16.0
3 silly config load:file:C:\Program Files\nodejs\node_modules\npm\npmrc
4 silly config load:file:D:\ai表格\obsidian\网页·软件设计\网页制作\每日对账系统\deploy\.npmrc
5 silly config load:file:C:\Users\zyk\.npmrc
6 silly config load:file:C:\Users\zyk\AppData\Roaming\npm\etc\npmrc
7 verbose title npm exec vercel --prod --yes
8 verbose argv "exec" "--" "vercel" "--prod" "--yes"
9 verbose logfile logs-max:10 dir:D:\ai表格\obsidian\网页·软件设计\网页制作\每日对账系统\deploy\npm-cache\_logs\2026-06-13T07_31_15_642Z-
10 verbose logfile D:\ai表格\obsidian\网页·软件设计\网页制作\每日对账系统\deploy\npm-cache\_logs\2026-06-13T07_31_15_642Z-debug-0.log
11 silly logfile done cleaning log files
12 silly packumentCache heap:4496293888 maxSize:1124073472 maxEntrySize:562036736
13 http fetch GET 200 https://registry.npmjs.org/vercel 849ms (cache revalidated)
14 silly packumentCache heap:4496293888 maxSize:1124073472 maxEntrySize:562036736
15 silly packumentCache heap:4496293888 maxSize:1124073472 maxEntrySize:562036736
16 verbose cwd D:\ai表格\obsidian\网页·软件设计\网页制作\每日对账系统\deploy
17 verbose os Windows_NT 10.0.19045
18 verbose node v24.16.0
19 verbose npm  v11.13.0
20 verbose exit 1
21 verbose code 1
